2435 [background-preinit] INFO  o.h.validator.internal.util.Version – HV000001: Hibernate Validator 6.2.3.Final
2504 [main] INFO  ru.mirea.task19.Application – Starting Application using Java 17 on ASUSLaptop-X509DA-D509DA with PID 20069 (/media/shiwarai/YandexDisk/Учёба/Шаблоны Java/JavaPatternMirea/src/ru/mirea/task19/build/classes/java/main started by shiwarai in /media/shiwarai/YandexDisk/Учёба/Шаблоны Java/JavaPatternMirea/src/ru/mirea/task19)
2506 [main] INFO  ru.mirea.task19.Application – No active profile set, falling back to 1 default profile: "default"
5022 [main] INFO  o.s.d.r.c.RepositoryConfigurationDelegate – Bootstrapping Spring Data JPA repositories in DEFAULT mode.
5313 [main] INFO  o.s.d.r.c.RepositoryConfigurationDelegate – Finished Spring Data repository scanning in 229 ms. Found 2 JPA repository interfaces.
8394 [main] INFO  o.s.b.w.e.tomcat.TomcatWebServer – Tomcat initialized with port(s): 8000 (http)
8418 [main] INFO  o.a.coyote.http11.Http11NioProtocol – Initializing ProtocolHandler ["http-nio-8000"]
8419 [main] INFO  o.a.catalina.core.StandardService – Starting service [Tomcat]
8419 [main] INFO  o.a.catalina.core.StandardEngine – Starting Servlet engine: [Apache Tomcat/9.0.62]
8775 [main] INFO  o.a.c.c.C.[Tomcat].[localhost].[/] – Initializing Spring embedded WebApplicationContext
8776 [main] INFO  o.s.b.w.s.c.ServletWebServerApplicationContext – Root WebApplicationContext: initialization completed in 6113 ms
9301 [main] INFO  com.zaxxer.hikari.HikariDataSource – HikariPool-1 - Starting...
10344 [main] INFO  com.zaxxer.hikari.HikariDataSource – HikariPool-1 - Start completed.
10968 [main] INFO  o.h.jpa.internal.util.LogHelper – HHH000204: Processing PersistenceUnitInfo [name: default]
11238 [main] INFO  org.hibernate.Version – HHH000412: Hibernate ORM core version 5.6.8.Final
12183 [main] INFO  o.h.annotations.common.Version – HCANN000001: Hibernate Commons Annotations {5.1.2.Final}
12729 [main] INFO  org.hibernate.dialect.Dialect – HHH000400: Using dialect: org.hibernate.dialect.PostgreSQL10Dialect
14886 [main] INFO  o.h.e.t.j.p.i.JtaPlatformInitiator – HHH000490: Using JtaPlatform implementation: [org.hibernate.engine.transaction.jta.platform.internal.NoJtaPlatform]
14917 [main] INFO  o.s.o.j.LocalContainerEntityManagerFactoryBean – Initialized JPA EntityManagerFactory for persistence unit 'default'
16093 [main] WARN  o.s.b.a.o.j.JpaBaseConfiguration$JpaWebConfiguration – spring.jpa.open-in-view is enabled by default. Therefore, database queries may be performed during view rendering. Explicitly configure spring.jpa.open-in-view to disable this warning
17036 [main] INFO  o.a.coyote.http11.Http11NioProtocol – Starting ProtocolHandler ["http-nio-8000"]
17097 [main] INFO  o.s.b.w.e.tomcat.TomcatWebServer – Tomcat started on port(s): 8000 (http) with context path ''
17147 [main] INFO  ru.mirea.task19.Application – Started Application in 16.219 seconds (JVM running for 17.572)
84751 [SpringApplicationShutdownHook] INFO  o.s.o.j.LocalContainerEntityManagerFactoryBean – Closing JPA EntityManagerFactory for persistence unit 'default'
84802 [SpringApplicationShutdownHook] INFO  com.zaxxer.hikari.HikariDataSource – HikariPool-1 - Shutdown initiated...
84980 [SpringApplicationShutdownHook] INFO  com.zaxxer.hikari.HikariDataSource – HikariPool-1 - Shutdown completed.
2477 [background-preinit] INFO  o.h.validator.internal.util.Version – HV000001: Hibernate Validator 6.2.3.Final
2535 [main] INFO  ru.mirea.task19.Application – Starting Application using Java 17 on ASUSLaptop-X509DA-D509DA with PID 20282 (/media/shiwarai/YandexDisk/Учёба/Шаблоны Java/JavaPatternMirea/src/ru/mirea/task19/build/classes/java/main started by shiwarai in /media/shiwarai/YandexDisk/Учёба/Шаблоны Java/JavaPatternMirea/src/ru/mirea/task19)
2537 [main] INFO  ru.mirea.task19.Application – No active profile set, falling back to 1 default profile: "default"
4277 [main] INFO  o.s.d.r.c.RepositoryConfigurationDelegate – Bootstrapping Spring Data JPA repositories in DEFAULT mode.
4405 [main] INFO  o.s.d.r.c.RepositoryConfigurationDelegate – Finished Spring Data repository scanning in 102 ms. Found 2 JPA repository interfaces.
6387 [main] INFO  o.s.b.w.e.tomcat.TomcatWebServer – Tomcat initialized with port(s): 8000 (http)
6436 [main] INFO  o.a.coyote.http11.Http11NioProtocol – Initializing ProtocolHandler ["http-nio-8000"]
6437 [main] INFO  o.a.catalina.core.StandardService – Starting service [Tomcat]
6437 [main] INFO  o.a.catalina.core.StandardEngine – Starting Servlet engine: [Apache Tomcat/9.0.62]
6753 [main] INFO  o.a.c.c.C.[Tomcat].[localhost].[/] – Initializing Spring embedded WebApplicationContext
6753 [main] INFO  o.s.b.w.s.c.ServletWebServerApplicationContext – Root WebApplicationContext: initialization completed in 4101 ms
6990 [main] INFO  com.zaxxer.hikari.HikariDataSource – HikariPool-1 - Starting...
7711 [main] INFO  com.zaxxer.hikari.HikariDataSource – HikariPool-1 - Start completed.
8170 [main] INFO  o.h.jpa.internal.util.LogHelper – HHH000204: Processing PersistenceUnitInfo [name: default]
8591 [main] INFO  org.hibernate.Version – HHH000412: Hibernate ORM core version 5.6.8.Final
9227 [main] INFO  o.h.annotations.common.Version – HCANN000001: Hibernate Commons Annotations {5.1.2.Final}
9701 [main] INFO  org.hibernate.dialect.Dialect – HHH000400: Using dialect: org.hibernate.dialect.PostgreSQL10Dialect
11595 [main] INFO  o.h.e.t.j.p.i.JtaPlatformInitiator – HHH000490: Using JtaPlatform implementation: [org.hibernate.engine.transaction.jta.platform.internal.NoJtaPlatform]
11617 [main] INFO  o.s.o.j.LocalContainerEntityManagerFactoryBean – Initialized JPA EntityManagerFactory for persistence unit 'default'
13161 [main] WARN  o.s.b.a.o.j.JpaBaseConfiguration$JpaWebConfiguration – spring.jpa.open-in-view is enabled by default. Therefore, database queries may be performed during view rendering. Explicitly configure spring.jpa.open-in-view to disable this warning
14665 [main] INFO  o.a.coyote.http11.Http11NioProtocol – Starting ProtocolHandler ["http-nio-8000"]
14804 [main] INFO  o.s.b.w.e.tomcat.TomcatWebServer – Tomcat started on port(s): 8000 (http) with context path ''
14850 [main] INFO  ru.mirea.task19.Application – Started Application in 13.875 seconds (JVM running for 15.414)
990175 [http-nio-8000-exec-1] INFO  o.a.c.c.C.[Tomcat].[localhost].[/] – Initializing Spring DispatcherServlet 'dispatcherServlet'
990247 [http-nio-8000-exec-1] INFO  o.s.web.servlet.DispatcherServlet – Initializing Servlet 'dispatcherServlet'
990426 [http-nio-8000-exec-1] INFO  o.s.web.servlet.DispatcherServlet – Completed initialization in 177 ms
995976 [SpringApplicationShutdownHook] INFO  o.s.o.j.LocalContainerEntityManagerFactoryBean – Closing JPA EntityManagerFactory for persistence unit 'default'
995998 [SpringApplicationShutdownHook] INFO  com.zaxxer.hikari.HikariDataSource – HikariPool-1 - Shutdown initiated...
996137 [SpringApplicationShutdownHook] INFO  com.zaxxer.hikari.HikariDataSource – HikariPool-1 - Shutdown completed.
